app/build/intermediates/manifest_merge_blame_file/debug/manifest-merger-blame-debug-report.txt
1<?xml version="1.0" encoding="utf-8"?>
2<manifest xmlns:android="http://schemas.android.com/apk/res/android"
3    package="com.letschat"
4    android:versionCode="1"
5    android:versionName="1.0" >
6
7    <uses-sdk
8        android:minSdkVersion="16"
9        android:targetSdkVersion="28" />
10
11    <uses-permission android:name="android.permission.SYSTEM_ALERT_WINDOW" />
11-->src/debug/AndroidManifest.xml:5:5-77
11-->src/debug/AndroidManifest.xml:5:22-75
12    <uses-permission android:name="android.permission.INTERNET" />
12-->src/main/AndroidManifest.xml:4:5-67
12-->src/main/AndroidManifest.xml:4:22-64
13    <uses-permission android:name="android.permission.ACCESS_WIFI_STATE" />
13-->[com.facebook.flipper:flipper:0.33.1] AndroidManifest.xml:16:5-76
13-->[com.facebook.flipper:flipper:0.33.1] AndroidManifest.xml:16:22-73
14    <uses-permission android:name="android.permission.ACCESS_NETWORK_STATE" />
14-->[com.google.android.gms:play-services-measurement:17.2.2] AndroidManifest.xml:24:5-79
14-->[com.google.android.gms:play-services-measurement:17.2.2] AndroidManifest.xml:24:22-76
15    <uses-permission android:name="android.permission.WAKE_LOCK" />
15-->[com.google.android.gms:play-services-measurement:17.2.2] AndroidManifest.xml:25:5-68
15-->[com.google.android.gms:play-services-measurement:17.2.2] AndroidManifest.xml:25:22-65
16    <uses-permission android:name="com.google.android.finsky.permission.BIND_GET_INSTALL_REFERRER_SERVICE" /> <!-- Required by older versions of Google Play services to create IID tokens -->
16-->[com.google.android.gms:play-services-measurement:17.2.2] AndroidManifest.xml:26:5-110
16-->[com.google.android.gms:play-services-measurement:17.2.2] AndroidManifest.xml:26:22-107
17    <uses-permission android:name="com.google.android.c2dm.permission.RECEIVE" />
17-->[com.google.firebase:firebase-iid:20.0.2] AndroidManifest.xml:26:5-82
17-->[com.google.firebase:firebase-iid:20.0.2] AndroidManifest.xml:26:22-79
18
19    <application
19-->src/main/AndroidManifest.xml:6:5-25:19
20        android:name="com.letschat.MainApplication"
20-->src/main/AndroidManifest.xml:7:7-38
21        android:allowBackup="false"
21-->src/main/AndroidManifest.xml:11:7-34
22        android:appComponentFactory="androidx.core.app.CoreComponentFactory"
22-->[androidx.core:core:1.1.0] AndroidManifest.xml:24:18-86
23        android:debuggable="true"
24        android:icon="@mipmap/ic_launcher"
24-->src/main/AndroidManifest.xml:9:7-41
25        android:label="@string/app_name"
25-->src/main/AndroidManifest.xml:8:7-39
26        android:roundIcon="@mipmap/ic_launcher_round"
26-->src/main/AndroidManifest.xml:10:7-52
27        android:theme="@style/AppTheme"
27-->src/main/AndroidManifest.xml:12:7-38
28        android:usesCleartextTraffic="true" >
28-->src/debug/AndroidManifest.xml:7:18-53
29        <activity
29-->src/main/AndroidManifest.xml:13:7-23:18
30            android:name="com.letschat.MainActivity"
30-->src/main/AndroidManifest.xml:14:9-37
31            android:configChanges="keyboard|keyboardHidden|orientation|screenSize|uiMode"
31-->src/main/AndroidManifest.xml:16:9-86
32            android:label="@string/app_name"
32-->src/main/AndroidManifest.xml:15:9-41
33            android:launchMode="singleTask"
33-->src/main/AndroidManifest.xml:17:9-40
34            android:windowSoftInputMode="adjustResize" >
34-->src/main/AndroidManifest.xml:18:9-51
35            <intent-filter>
35-->src/main/AndroidManifest.xml:19:9-22:25
36                <action android:name="android.intent.action.MAIN" />
36-->src/main/AndroidManifest.xml:20:13-65
36-->src/main/AndroidManifest.xml:20:21-62
37
38                <category android:name="android.intent.category.LAUNCHER" />
38-->src/main/AndroidManifest.xml:21:13-73
38-->src/main/AndroidManifest.xml:21:23-70
39            </intent-filter>
40        </activity>
41        <activity android:name="com.facebook.react.devsupport.DevSettingsActivity" />
41-->src/main/AndroidManifest.xml:24:7-84
41-->src/main/AndroidManifest.xml:24:17-81
42        <activity
42-->[com.google.firebase:firebase-auth:19.3.1] AndroidManifest.xml:24:9-31:50
43            android:name="com.google.firebase.auth.internal.FederatedSignInActivity"
43-->[com.google.firebase:firebase-auth:19.3.1] AndroidManifest.xml:25:13-85
44            android:excludeFromRecents="true"
44-->[com.google.firebase:firebase-auth:19.3.1] AndroidManifest.xml:26:13-46
45            android:exported="true"
45-->[com.google.firebase:firebase-auth:19.3.1] AndroidManifest.xml:27:13-36
46            android:launchMode="singleTask"
46-->[com.google.firebase:firebase-auth:19.3.1] AndroidManifest.xml:28:13-44
47            android:permission="com.google.firebase.auth.api.gms.permission.LAUNCH_FEDERATED_SIGN_IN"
47-->[com.google.firebase:firebase-auth:19.3.1] AndroidManifest.xml:29:13-102
48            android:theme="@android:style/Theme.Translucent.NoTitleBar" />
48-->[com.google.firebase:firebase-auth:19.3.1] AndroidManifest.xml:30:13-72
49
50        <service
50-->[com.google.firebase:firebase-auth:19.3.1] AndroidManifest.xml:33:9-39:19
51            android:name="com.google.firebase.components.ComponentDiscoveryService"
51-->[com.google.firebase:firebase-auth:19.3.1] AndroidManifest.xml:34:13-84
52            android:directBootAware="true"
52-->[com.google.firebase:firebase-common:19.3.0] AndroidManifest.xml:34:13-43
53            android:exported="false" >
53-->[com.google.firebase:firebase-auth:19.3.1] AndroidManifest.xml:35:13-37
54            <meta-data
54-->[com.google.firebase:firebase-auth:19.3.1] AndroidManifest.xml:36:13-38:85
55                android:name="com.google.firebase.components:com.google.firebase.auth.FirebaseAuthRegistrar"
55-->[com.google.firebase:firebase-auth:19.3.1] AndroidManifest.xml:37:17-109
56                android:value="com.google.firebase.components.ComponentRegistrar" />
56-->[com.google.firebase:firebase-auth:19.3.1] AndroidManifest.xml:38:17-82
57            <meta-data
57-->[com.google.android.gms:play-services-measurement-api:17.2.2] AndroidManifest.xml:30:13-32:85
58                android:name="com.google.firebase.components:com.google.firebase.analytics.connector.internal.AnalyticsConnectorRegistrar"
58-->[com.google.android.gms:play-services-measurement-api:17.2.2] AndroidManifest.xml:31:17-139
59                android:value="com.google.firebase.components.ComponentRegistrar" />
59-->[com.google.android.gms:play-services-measurement-api:17.2.2] AndroidManifest.xml:32:17-82
60            <meta-data
60-->[com.google.firebase:firebase-iid:20.0.2] AndroidManifest.xml:32:13-34:85
61                android:name="com.google.firebase.components:com.google.firebase.iid.Registrar"
61-->[com.google.firebase:firebase-iid:20.0.2] AndroidManifest.xml:33:17-96
62                android:value="com.google.firebase.components.ComponentRegistrar" />
62-->[com.google.firebase:firebase-iid:20.0.2] AndroidManifest.xml:34:17-82
63        </service>
64
65        <activity
65-->[com.google.android.gms:play-services-auth:18.0.0] AndroidManifest.xml:23:9-27:75
66            android:name="com.google.android.gms.auth.api.signin.internal.SignInHubActivity"
66-->[com.google.android.gms:play-services-auth:18.0.0] AndroidManifest.xml:24:13-93
67            android:excludeFromRecents="true"
67-->[com.google.android.gms:play-services-auth:18.0.0] AndroidManifest.xml:25:13-46
68            android:exported="false"
68-->[com.google.android.gms:play-services-auth:18.0.0] AndroidManifest.xml:26:13-37
69            android:theme="@android:style/Theme.Translucent.NoTitleBar" />
69-->[com.google.android.gms:play-services-auth:18.0.0] AndroidManifest.xml:27:13-72
70        <!--
71            Service handling Google Sign-In user revocation. For apps that do not integrate with
72            Google Sign-In, this service will never be started.
73        -->
74        <service
74-->[com.google.android.gms:play-services-auth:18.0.0] AndroidManifest.xml:33:9-36:110
75            android:name="com.google.android.gms.auth.api.signin.RevocationBoundService"
75-->[com.google.android.gms:play-services-auth:18.0.0] AndroidManifest.xml:34:13-89
76            android:exported="true"
76-->[com.google.android.gms:play-services-auth:18.0.0] AndroidManifest.xml:35:13-36
77            android:permission="com.google.android.gms.auth.api.signin.permission.REVOCATION_NOTIFICATION" />
77-->[com.google.android.gms:play-services-auth:18.0.0] AndroidManifest.xml:36:13-107
78
79        <receiver
79-->[com.google.android.gms:play-services-measurement:17.2.2] AndroidManifest.xml:29:9-33:20
80            android:name="com.google.android.gms.measurement.AppMeasurementReceiver"
80-->[com.google.android.gms:play-services-measurement:17.2.2] AndroidManifest.xml:30:13-85
81            android:enabled="true"
81-->[com.google.android.gms:play-services-measurement:17.2.2] AndroidManifest.xml:31:13-35
82            android:exported="false" >
82-->[com.google.android.gms:play-services-measurement:17.2.2] AndroidManifest.xml:32:13-37
83        </receiver>
84        <receiver
84-->[com.google.android.gms:play-services-measurement:17.2.2] AndroidManifest.xml:34:9-42:20
85            android:name="com.google.android.gms.measurement.AppMeasurementInstallReferrerReceiver"
85-->[com.google.android.gms:play-services-measurement:17.2.2] AndroidManifest.xml:35:13-100
86            android:enabled="true"
86-->[com.google.android.gms:play-services-measurement:17.2.2] AndroidManifest.xml:36:13-35
87            android:exported="true"
87-->[com.google.android.gms:play-services-measurement:17.2.2] AndroidManifest.xml:37:13-36
88            android:permission="android.permission.INSTALL_PACKAGES" >
88-->[com.google.android.gms:play-services-measurement:17.2.2] AndroidManifest.xml:38:13-69
89            <intent-filter>
89-->[com.google.android.gms:play-services-measurement:17.2.2] AndroidManifest.xml:39:13-41:29
90                <action android:name="com.android.vending.INSTALL_REFERRER" />
90-->[com.google.android.gms:play-services-measurement:17.2.2] AndroidManifest.xml:40:17-79
90-->[com.google.android.gms:play-services-measurement:17.2.2] AndroidManifest.xml:40:25-76
91            </intent-filter>
92        </receiver>
93
94        <service
94-->[com.google.android.gms:play-services-measurement:17.2.2] AndroidManifest.xml:44:9-47:40
95            android:name="com.google.android.gms.measurement.AppMeasurementService"
95-->[com.google.android.gms:play-services-measurement:17.2.2] AndroidManifest.xml:45:13-84
96            android:enabled="true"
96-->[com.google.android.gms:play-services-measurement:17.2.2] AndroidManifest.xml:46:13-35
97            android:exported="false" />
97-->[com.google.android.gms:play-services-measurement:17.2.2] AndroidManifest.xml:47:13-37
98        <service
98-->[com.google.android.gms:play-services-measurement:17.2.2] AndroidManifest.xml:48:9-52:72
99            android:name="com.google.android.gms.measurement.AppMeasurementJobService"
99-->[com.google.android.gms:play-services-measurement:17.2.2] AndroidManifest.xml:49:13-87
100            android:enabled="true"
100-->[com.google.android.gms:play-services-measurement:17.2.2] AndroidManifest.xml:50:13-35
101            android:exported="false"
101-->[com.google.android.gms:play-services-measurement:17.2.2] AndroidManifest.xml:51:13-37
102            android:permission="android.permission.BIND_JOB_SERVICE" />
102-->[com.google.android.gms:play-services-measurement:17.2.2] AndroidManifest.xml:52:13-69
103
104        <receiver
104-->[com.google.firebase:firebase-iid:20.0.2] AndroidManifest.xml:37:9-44:20
105            android:name="com.google.firebase.iid.FirebaseInstanceIdReceiver"
105-->[com.google.firebase:firebase-iid:20.0.2] AndroidManifest.xml:38:13-78
106            android:exported="true"
106-->[com.google.firebase:firebase-iid:20.0.2] AndroidManifest.xml:39:13-36
107            android:permission="com.google.android.c2dm.permission.SEND" >
107-->[com.google.firebase:firebase-iid:20.0.2] AndroidManifest.xml:40:13-73
108            <intent-filter>
108-->[com.google.firebase:firebase-iid:20.0.2] AndroidManifest.xml:41:13-43:29
109                <action android:name="com.google.android.c2dm.intent.RECEIVE" />
109-->[com.google.firebase:firebase-iid:20.0.2] AndroidManifest.xml:42:17-81
109-->[com.google.firebase:firebase-iid:20.0.2] AndroidManifest.xml:42:25-78
110            </intent-filter>
111        </receiver>
112
113        <provider
113-->[com.google.firebase:firebase-common:19.3.0] AndroidManifest.xml:26:9-30:39
114            android:name="com.google.firebase.provider.FirebaseInitProvider"
114-->[com.google.firebase:firebase-common:19.3.0] AndroidManifest.xml:27:13-77
115            android:authorities="com.letschat.firebaseinitprovider"
115-->[com.google.firebase:firebase-common:19.3.0] AndroidManifest.xml:28:13-72
116            android:exported="false"
116-->[com.google.firebase:firebase-common:19.3.0] AndroidManifest.xml:29:13-37
117            android:initOrder="100" />
117-->[com.google.firebase:firebase-common:19.3.0] AndroidManifest.xml:30:13-36
118
119        <activity
119-->[com.google.android.gms:play-services-base:17.1.0] AndroidManifest.xml:23:9-26:75
120            android:name="com.google.android.gms.common.api.GoogleApiActivity"
120-->[com.google.android.gms:play-services-base:17.1.0] AndroidManifest.xml:24:13-79
121            android:exported="false"
121-->[com.google.android.gms:play-services-base:17.1.0] AndroidManifest.xml:25:13-37
122            android:theme="@android:style/Theme.Translucent.NoTitleBar" />
122-->[com.google.android.gms:play-services-base:17.1.0] AndroidManifest.xml:26:13-72
123
124        <meta-data
124-->[com.google.android.gms:play-services-basement:17.1.1] AndroidManifest.xml:23:9-25:69
125            android:name="com.google.android.gms.version"
125-->[com.google.android.gms:play-services-basement:17.1.1] AndroidManifest.xml:24:13-58
126            android:value="@integer/google_play_services_version" />
126-->[com.google.android.gms:play-services-basement:17.1.1] AndroidManifest.xml:25:13-66
127    </application>
128
129</manifest>